<?xml version="1.0" encoding="UTF-8"?>
<testng-results ignored="0" total="1" passed="1" failed="0" skipped="0">
  <reporter-output>
  </reporter-output>
  <suite started-at="2023-04-16T06:14:30 EET" name="Default suite" finished-at="2023-04-16T06:14:46 EET" duration-ms="16222">
    <groups>
    </groups>
    <test started-at="2023-04-16T06:14:30 EET" name="Default test" finished-at="2023-04-16T06:14:46 EET" duration-ms="16222">
      <class name="appiumTest.appium">
        <test-method is-config="true" signature="startTest()[pri:0, instance:appiumTest.appium@6d763516]" started-at="2023-04-16T06:14:30 EET" name="startTest" finished-at="2023-04-16T06:14:30 EET" duration-ms="20" status="PASS">
          <reporter-output>
          </reporter-output>
        </test-method> <!-- startTest -->
        <test-method signature="clickAllDigits()[pri:2, instance:appiumTest.appium@6d763516]" started-at="2023-04-16T06:14:30 EET" name="clickAllDigits" finished-at="2023-04-16T06:14:46 EET" duration-ms="16129" status="PASS">
          <reporter-output>
          </reporter-output>
        </test-method> <!-- clickAllDigits -->
      </class> <!-- appiumTest.appium -->
    </test> <!-- Default test -->
  </suite> <!-- Default suite -->
</testng-results>
